[debug] [2021-08-17T18:05:46.483Z] ----------------------------------------------------------------------
[debug] [2021-08-17T18:05:46.485Z] Command:       /usr/bin/node /usr/local/bin/firebase deploy --only functions
[debug] [2021-08-17T18:05:46.486Z] CLI Version:   9.16.5
[debug] [2021-08-17T18:05:46.486Z] Platform:      linux
[debug] [2021-08-17T18:05:46.486Z] Node Version:  v14.17.4
[debug] [2021-08-17T18:05:46.487Z] Time:          Wed Aug 18 2021 02:05:46 GMT+0800 (Philippine Standard Time)
[debug] [2021-08-17T18:05:46.487Z] ----------------------------------------------------------------------
[debug] 
[debug] [2021-08-17T18:05:46.637Z] > command requires scopes: ["email","openid","https://www.googleapis.com/auth/cloudplatformprojects.readonly","https://www.googleapis.com/auth/firebase","https://www.googleapis.com/auth/cloud-platform"]
[debug] [2021-08-17T18:05:46.637Z] > authorizing via signed-in user (kristianmarksurat@gmail.com)
[debug] [2021-08-17T18:05:46.637Z] [iam] checking project vl-surge-assumption for permissions ["cloudfunctions.functions.create","cloudfunctions.functions.delete","cloudfunctions.functions.get","cloudfunctions.functions.list","cloudfunctions.functions.update","cloudfunctions.operations.get","firebase.projects.get"]
[debug] [2021-08-17T18:05:46.640Z] > refreshing access token with scopes: ["email","https://www.googleapis.com/auth/cloud-platform","https://www.googleapis.com/auth/cloudplatformprojects.readonly","https://www.googleapis.com/auth/firebase","openid"]
[debug] [2021-08-17T18:05:46.641Z] >>> HTTP REQUEST POST https://www.googleapis.com/oauth2/v3/token  
 <request body omitted>
[debug] [2021-08-17T18:05:46.842Z] <<< HTTP RESPONSE 200 {"expires":"Mon, 01 Jan 1990 00:00:00 GMT","pragma":"no-cache","date":"Tue, 17 Aug 2021 18:05:46 GMT","cache-control":"no-cache, no-store, max-age=0, must-revalidate","content-type":"application/json; charset=utf-8","vary":"X-Origin, Referer, Origin,Accept-Encoding","server":"scaffolding on HTTPServer2","x-xss-protection":"0","x-frame-options":"SAMEORIGIN","x-content-type-options":"nosniff","alt-svc":"h3=\":443\"; ma=2592000,h3-29=\":443\"; ma=2592000,h3-T051=\":443\"; ma=2592000,h3-Q050=\":443\"; ma=2592000,h3-Q046=\":443\"; ma=2592000,h3-Q043=\":443\"; ma=2592000,quic=\":443\"; ma=2592000; v=\"46,43\"","accept-ranges":"none","transfer-encoding":"chunked"}
[debug] [2021-08-17T18:05:46.969Z] >>> HTTP REQUEST POST https://cloudresourcemanager.googleapis.com/v1/projects/vl-surge-assumption:testIamPermissions  
 {"permissions":["cloudfunctions.functions.create","cloudfunctions.functions.delete","cloudfunctions.functions.get","cloudfunctions.functions.list","cloudfunctions.functions.update","cloudfunctions.operations.get","firebase.projects.get"]}
[debug] [2021-08-17T18:05:48.043Z] <<< HTTP RESPONSE 200 {"content-type":"application/json; charset=UTF-8","vary":"X-Origin, Referer, Origin,Accept-Encoding","date":"Tue, 17 Aug 2021 18:05:47 GMT","server":"ESF","cache-control":"private","x-xss-protection":"0","x-frame-options":"SAMEORIGIN","x-content-type-options":"nosniff","server-timing":"gfet4t7; dur=822","alt-svc":"h3=\":443\"; ma=2592000,h3-29=\":443\"; ma=2592000,h3-T051=\":443\"; ma=2592000,h3-Q050=\":443\"; ma=2592000,h3-Q046=\":443\"; ma=2592000,h3-Q043=\":443\"; ma=2592000,quic=\":443\"; ma=2592000; v=\"46,43\"","accept-ranges":"none","transfer-encoding":"chunked"}
[debug] [2021-08-17T18:05:48.046Z] >>> HTTP REQUEST POST https://iam.googleapis.com/v1/projects/vl-surge-assumption/serviceAccounts/vl-surge-assumption@appspot.gserviceaccount.com:testIamPermissions  
 {"permissions":["iam.serviceAccounts.actAs"]}
[debug] [2021-08-17T18:05:49.124Z] <<< HTTP RESPONSE 200 {"content-type":"application/json; charset=UTF-8","vary":"X-Origin, Referer, Origin,Accept-Encoding","date":"Tue, 17 Aug 2021 18:05:49 GMT","server":"ESF","cache-control":"private","x-xss-protection":"0","x-frame-options":"SAMEORIGIN","x-content-type-options":"nosniff","alt-svc":"h3=\":443\"; ma=2592000,h3-29=\":443\"; ma=2592000,h3-T051=\":443\"; ma=2592000,h3-Q050=\":443\"; ma=2592000,h3-Q046=\":443\"; ma=2592000,h3-Q043=\":443\"; ma=2592000,quic=\":443\"; ma=2592000; v=\"46,43\"","accept-ranges":"none","transfer-encoding":"chunked"}
[info] 
[info] === Deploying to 'vl-surge-assumption'...
[info] 
[info] i  deploying functions 
[info] Running command: npm --prefix "$RESOURCE_DIR" run lint
[info] Running command: npm --prefix "$RESOURCE_DIR" run build
[info] ✔  functions: Finished running predeploy script. 
[debug] [2021-08-17T18:06:34.783Z] Validating nodejs source
[warn] ⚠  functions: package.json indicates an outdated version of firebase-functions.
Please upgrade using npm install --save firebase-functions@latest in your functions directory. 
[debug] [2021-08-17T18:06:40.406Z] > [functions] package.json contents: {
  "name": "functions",
  "scripts": {
    "lint": "eslint --ext .js,.ts .",
    "build": "tsc",
    "serve": "tsc --watch| firebase emulators:start --only functions",
    "shell": "tsc && firebase functions:shell",
    "start": "yarn run shell",
    "deploy": "firebase deploy --only functions",
    "logs": "firebase functions:log"
  },
  "engines": {
    "node": "14"
  },
  "main": "lib/index.js",
  "dependencies": {
    "firebase-admin": "^9.8.0",
    "firebase-functions": "^3.14.1"
  },
  "devDependencies": {
    "@typescript-eslint/eslint-plugin": "^3.9.1",
    "@typescript-eslint/parser": "^3.8.0",
    "eslint": "^7.6.0",
    "eslint-config-google": "^0.14.0",
    "eslint-plugin-import": "^2.22.0",
    "firebase-functions-test": "^0.2.0",
    "typescript": "^3.8.0"
  },
  "private": true
}
[debug] [2021-08-17T18:06:40.407Z] Building nodejs source
[info] i  functions: ensuring required API cloudfunctions.googleapis.com is enabled... 
[info] i  functions: ensuring required API cloudbuild.googleapis.com is enabled... 
[debug] [2021-08-17T18:06:40.412Z] >>> HTTP REQUEST GET https://serviceusage.googleapis.com/v1/projects/vl-surge-assumption/services/cloudfunctions.googleapis.com  
 
[debug] [2021-08-17T18:06:40.417Z] >>> HTTP REQUEST GET https://serviceusage.googleapis.com/v1/projects/vl-surge-assumption/services/runtimeconfig.googleapis.com  
 
[debug] [2021-08-17T18:06:40.418Z] >>> HTTP REQUEST GET https://serviceusage.googleapis.com/v1/projects/vl-surge-assumption/services/cloudbuild.googleapis.com  
 
[debug] [2021-08-17T18:06:41.766Z] <<< HTTP RESPONSE 200 {"content-type":"application/json; charset=UTF-8","vary":"X-Origin, Referer, Origin,Accept-Encoding","date":"Tue, 17 Aug 2021 18:06:41 GMT","server":"ESF","cache-control":"private","x-xss-protection":"0","x-frame-options":"SAMEORIGIN","x-content-type-options":"nosniff","alt-svc":"h3=\":443\"; ma=2592000,h3-29=\":443\"; ma=2592000,h3-T051=\":443\"; ma=2592000,h3-Q050=\":443\"; ma=2592000,h3-Q046=\":443\"; ma=2592000,h3-Q043=\":443\"; ma=2592000,quic=\":443\"; ma=2592000; v=\"46,43\"","accept-ranges":"none","transfer-encoding":"chunked"}
[debug] [2021-08-17T18:06:41.840Z] <<< HTTP RESPONSE 200 {"content-type":"application/json; charset=UTF-8","vary":"X-Origin, Referer, Origin,Accept-Encoding","date":"Tue, 17 Aug 2021 18:06:41 GMT","server":"ESF","cache-control":"private","x-xss-protection":"0","x-frame-options":"SAMEORIGIN","x-content-type-options":"nosniff","alt-svc":"h3=\":443\"; ma=2592000,h3-29=\":443\"; ma=2592000,h3-T051=\":443\"; ma=2592000,h3-Q050=\":443\"; ma=2592000,h3-Q046=\":443\"; ma=2592000,h3-Q043=\":443\"; ma=2592000,quic=\":443\"; ma=2592000; v=\"46,43\"","accept-ranges":"none","transfer-encoding":"chunked"}
[info] ✔  functions: required API cloudfunctions.googleapis.com is enabled 
[debug] [2021-08-17T18:06:41.901Z] <<< HTTP RESPONSE 200 {"content-type":"application/json; charset=UTF-8","vary":"X-Origin, Referer, Origin,Accept-Encoding","date":"Tue, 17 Aug 2021 18:06:41 GMT","server":"ESF","cache-control":"private","x-xss-protection":"0","x-frame-options":"SAMEORIGIN","x-content-type-options":"nosniff","alt-svc":"h3=\":443\"; ma=2592000,h3-29=\":443\"; ma=2592000,h3-T051=\":443\"; ma=2592000,h3-Q050=\":443\"; ma=2592000,h3-Q046=\":443\"; ma=2592000,h3-Q043=\":443\"; ma=2592000,quic=\":443\"; ma=2592000; v=\"46,43\"","accept-ranges":"none","transfer-encoding":"chunked"}
[info] ✔  functions: required API cloudbuild.googleapis.com is enabled 
[debug] [2021-08-17T18:06:41.904Z] >>> HTTP REQUEST GET https://firebase.googleapis.com/v1beta1/projects/vl-surge-assumption/adminSdkConfig  
 
[debug] [2021-08-17T18:06:42.763Z] <<< HTTP RESPONSE 200 {"content-type":"application/json; charset=UTF-8","vary":"X-Origin, Referer, Origin,Accept-Encoding","date":"Tue, 17 Aug 2021 18:06:42 GMT","server":"ESF","cache-control":"private","x-xss-protection":"0","x-frame-options":"SAMEORIGIN","x-content-type-options":"nosniff","alt-svc":"h3=\":443\"; ma=2592000,h3-29=\":443\"; ma=2592000,h3-T051=\":443\"; ma=2592000,h3-Q050=\":443\"; ma=2592000,h3-Q046=\":443\"; ma=2592000,h3-Q043=\":443\"; ma=2592000,quic=\":443\"; ma=2592000; v=\"46,43\"","accept-ranges":"none","transfer-encoding":"chunked"}
[debug] [2021-08-17T18:06:42.766Z] >>> HTTP REQUEST GET https://runtimeconfig.googleapis.com/v1beta1/projects/vl-surge-assumption/configs  
 
[debug] [2021-08-17T18:06:43.295Z] <<< HTTP RESPONSE 200 {"content-type":"application/json; charset=UTF-8","vary":"X-Origin, Referer, Origin,Accept-Encoding","date":"Tue, 17 Aug 2021 18:06:43 GMT","server":"ESF","cache-control":"private","x-xss-protection":"0","x-frame-options":"SAMEORIGIN","x-content-type-options":"nosniff","alt-svc":"h3=\":443\"; ma=2592000,h3-29=\":443\"; ma=2592000,h3-T051=\":443\"; ma=2592000,h3-Q050=\":443\"; ma=2592000,h3-Q046=\":443\"; ma=2592000,h3-Q043=\":443\"; ma=2592000,quic=\":443\"; ma=2592000; v=\"46,43\"","accept-ranges":"none","transfer-encoding":"chunked"}
[debug] [2021-08-17T18:06:43.298Z] Analyzing nodejs backend spec
[info] i  functions: preparing functions directory for uploading... 
[info] i  functions: packaged functions (4.54 MB) for uploading 
[debug] [2021-08-17T18:06:45.385Z] >>> HTTP REQUEST GET https://cloudfunctions.googleapis.com/v1/projects/vl-surge-assumption/locations/-/functions  
 
[debug] [2021-08-17T18:06:46.440Z] <<< HTTP RESPONSE 200 {"content-type":"application/json; charset=UTF-8","vary":"X-Origin, Referer, Origin,Accept-Encoding","date":"Tue, 17 Aug 2021 18:06:46 GMT","server":"ESF","cache-control":"private","x-xss-protection":"0","x-frame-options":"SAMEORIGIN","x-content-type-options":"nosniff","alt-svc":"h3=\":443\"; ma=2592000,h3-29=\":443\"; ma=2592000,h3-T051=\":443\"; ma=2592000,h3-Q050=\":443\"; ma=2592000,h3-Q046=\":443\"; ma=2592000,h3-Q043=\":443\"; ma=2592000,quic=\":443\"; ma=2592000; v=\"46,43\"","accept-ranges":"none","transfer-encoding":"chunked"}
[debug] [2021-08-17T18:06:46.446Z] >>> HTTP REQUEST POST https://cloudfunctions.googleapis.com/v1/projects/vl-surge-assumption/locations/us-central1/functions:generateUploadUrl  
 
[debug] [2021-08-17T18:06:47.216Z] <<< HTTP RESPONSE 200 {"content-type":"application/json; charset=UTF-8","vary":"X-Origin, Referer, Origin,Accept-Encoding","date":"Tue, 17 Aug 2021 18:06:47 GMT","server":"ESF","cache-control":"private","x-xss-protection":"0","x-frame-options":"SAMEORIGIN","x-content-type-options":"nosniff","alt-svc":"h3=\":443\"; ma=2592000,h3-29=\":443\"; ma=2592000,h3-T051=\":443\"; ma=2592000,h3-Q050=\":443\"; ma=2592000,h3-Q046=\":443\"; ma=2592000,h3-Q043=\":443\"; ma=2592000,quic=\":443\"; ma=2592000; v=\"46,43\"","accept-ranges":"none","transfer-encoding":"chunked"}
[debug] [2021-08-17T18:06:47.220Z] >>> HTTP REQUEST PUT https://storage.googleapis.com/gcf-upload-us-central1-f25f756e-e7c0-4b5d-b35d-3a235202b9b4/6ada1cf5-be7d-4c0c-a829-16d98a239929.zip?GoogleAccessId=service-955984979655@gcf-admin-robot.iam.gserviceaccount.com&Expires=1629225407&Signature=ROQgaT5LfFqPgLj0szrUICoOhXEQJgbGtYobz2NGNjm7B5i7CxwHA%2B24XoQS32ckRbB%2FxJiLvNd%2BmWhroJHlH2ArBPRtj5B%2FIOEdq9u2ezsadwCSZDHkqSF9EKUDSWpEZ4b2MkOhQBqmv1nFD3QMDOxeR5PGygTm1hf2OfXS33lg8qdHd4lLppVj4zVgrxHFY5ITZZK%2F93VXnB1YOQLnzdlghVirqOI8l0ypv4KIX5EcyHu%2B%2BFYslbRn4%2BTJUjJcGM3C%2B0JeptGLj1%2FN94k8I0%2BSvvaQd6oneS%2FePl2%2FXFIhHZBr4QbjTZFgFFbavq2Cdggf7r7w93iX9llcUWYaYw%3D%3D  
 <request body omitted>
[debug] [2021-08-17T18:06:48.405Z] <<< HTTP RESPONSE 200 {"x-guploader-uploadid":"ADPycdt9XAkbtVMBKaspNOZVudo-gnloZuITkQ7FBfwkY1j1iXKB0LohWV5ISIiBy1D32NbSZlewvUFjWUja240HBDg","etag":"\"892b1cfec41cc77bee5194c10175fa07\"","x-goog-generation":"1629223608301380","x-goog-metageneration":"1","x-goog-hash":"crc32c=CzglpA==, md5=iSsc/sQcx3vuUZTBAXX6Bw==","x-goog-stored-content-length":"4761680","x-goog-stored-content-encoding":"identity","vary":"Origin","content-length":"0","date":"Tue, 17 Aug 2021 18:06:48 GMT","server":"UploadServer","content-type":"text/html; charset=UTF-8","alt-svc":"h3=\":443\"; ma=2592000,h3-29=\":443\"; ma=2592000,h3-T051=\":443\"; ma=2592000,h3-Q050=\":443\"; ma=2592000,h3-Q046=\":443\"; ma=2592000,h3-Q043=\":443\"; ma=2592000,quic=\":443\"; ma=2592000; v=\"46,43\""}
[info] ✔  functions: functions folder uploaded successfully 
[info] i  functions: updating Node.js 14 function createUser(us-central1)... 
[debug] [2021-08-17T18:06:48.416Z] >>> HTTP REQUEST PATCH https://cloudfunctions.googleapis.com/v1/projects/vl-surge-assumption/locations/us-central1/functions/createUser {"updateMask":"name,sourceUploadUrl,entryPoint,runtime,httpsTrigger.securityLevel,labels,environmentVariables"} 
 {"name":"projects/vl-surge-assumption/locations/us-central1/functions/createUser","sourceUploadUrl":"https://storage.googleapis.com/gcf-upload-us-central1-f25f756e-e7c0-4b5d-b35d-3a235202b9b4/6ada1cf5-be7d-4c0c-a829-16d98a239929.zip?GoogleAccessId=service-955984979655@gcf-admin-robot.iam.gserviceaccount.com&Expires=1629225407&Signature=ROQgaT5LfFqPgLj0szrUICoOhXEQJgbGtYobz2NGNjm7B5i7CxwHA%2B24XoQS32ckRbB%2FxJiLvNd%2BmWhroJHlH2ArBPRtj5B%2FIOEdq9u2ezsadwCSZDHkqSF9EKUDSWpEZ4b2MkOhQBqmv1nFD3QMDOxeR5PGygTm1hf2OfXS33lg8qdHd4lLppVj4zVgrxHFY5ITZZK%2F93VXnB1YOQLnzdlghVirqOI8l0ypv4KIX5EcyHu%2B%2BFYslbRn4%2BTJUjJcGM3C%2B0JeptGLj1%2FN94k8I0%2BSvvaQd6oneS%2FePl2%2FXFIhHZBr4QbjTZFgFFbavq2Cdggf7r7w93iX9llcUWYaYw%3D%3D","entryPoint":"createUser","runtime":"nodejs14","httpsTrigger":{"securityLevel":"SECURE_OPTIONAL"},"labels":{"deployment-callable":"true","deployment-tool":"cli-firebase"},"environmentVariables":{"FIREBASE_CONFIG":"{\"projectId\":\"vl-surge-assumption\",\"storageBucket\":\"vl-surge-assumption.appspot.com\",\"locationId\":\"us-central\"}","GCLOUD_PROJECT":"vl-surge-assumption"}}
[debug] [2021-08-17T18:06:49.332Z] <<< HTTP RESPONSE 200 {"content-type":"application/json; charset=UTF-8","vary":"X-Origin, Referer, Origin,Accept-Encoding","date":"Tue, 17 Aug 2021 18:06:49 GMT","server":"ESF","cache-control":"private","x-xss-protection":"0","x-frame-options":"SAMEORIGIN","x-content-type-options":"nosniff","alt-svc":"h3=\":443\"; ma=2592000,h3-29=\":443\"; ma=2592000,h3-T051=\":443\"; ma=2592000,h3-Q050=\":443\"; ma=2592000,h3-Q046=\":443\"; ma=2592000,h3-Q043=\":443\"; ma=2592000,quic=\":443\"; ma=2592000; v=\"46,43\"","accept-ranges":"none","transfer-encoding":"chunked"}
[debug] [2021-08-17T18:06:49.336Z] > refreshing access token with scopes: []
[debug] [2021-08-17T18:06:49.336Z] >>> HTTP REQUEST POST https://www.googleapis.com/oauth2/v3/token  
 <request body omitted>
[debug] [2021-08-17T18:06:49.469Z] <<< HTTP RESPONSE 200 {"pragma":"no-cache","expires":"Mon, 01 Jan 1990 00:00:00 GMT","cache-control":"no-cache, no-store, max-age=0, must-revalidate","date":"Tue, 17 Aug 2021 18:06:49 GMT","content-type":"application/json; charset=utf-8","vary":"X-Origin, Referer, Origin,Accept-Encoding","server":"scaffolding on HTTPServer2","x-xss-protection":"0","x-frame-options":"SAMEORIGIN","x-content-type-options":"nosniff","alt-svc":"h3=\":443\"; ma=2592000,h3-29=\":443\"; ma=2592000,h3-T051=\":443\"; ma=2592000,h3-Q050=\":443\"; ma=2592000,h3-Q046=\":443\"; ma=2592000,h3-Q043=\":443\"; ma=2592000,quic=\":443\"; ma=2592000; v=\"46,43\"","accept-ranges":"none","transfer-encoding":"chunked"}
[debug] [2021-08-17T18:06:49.621Z] >>> [apiv2][query] GET https://cloudfunctions.googleapis.com/v1/operations/dmwtc3VyZ2UtYXNzdW1wdGlvbi91cy1jZW50cmFsMS9jcmVhdGVVc2VyL3liZlFiM1FCYXMw [none]
[debug] [2021-08-17T18:06:50.214Z] <<< [apiv2][status] GET https://cloudfunctions.googleapis.com/v1/operations/dmwtc3VyZ2UtYXNzdW1wdGlvbi91cy1jZW50cmFsMS9jcmVhdGVVc2VyL3liZlFiM1FCYXMw 200
[debug] [2021-08-17T18:06:50.216Z] <<< [apiv2][body] GET https://cloudfunctions.googleapis.com/v1/operations/dmwtc3VyZ2UtYXNzdW1wdGlvbi91cy1jZW50cmFsMS9jcmVhdGVVc2VyL3liZlFiM1FCYXMw {"name":"operations/dmwtc3VyZ2UtYXNzdW1wdGlvbi91cy1jZW50cmFsMS9jcmVhdGVVc2VyL3liZlFiM1FCYXMw","metadata":{"@type":"type.googleapis.com/google.cloud.functions.v1.OperationMetadataV1","target":"projects/vl-surge-assumption/locations/us-central1/functions/createUser","type":"UPDATE_FUNCTION","request":{"@type":"type.googleapis.com/google.cloud.functions.v1.CloudFunction","name":"projects/vl-surge-assumption/locations/us-central1/functions/createUser","httpsTrigger":{"url":"https://us-central1-vl-surge-assumption.cloudfunctions.net/createUser","securityLevel":"SECURE_OPTIONAL"},"status":"UNKNOWN","entryPoint":"createUser","timeout":"60s","availableMemoryMb":256,"serviceAccountEmail":"vl-surge-assumption@appspot.gserviceaccount.com","updateTime":"2021-08-09T13:01:14.516Z","versionId":"6","labels":{"deployment-callable":"true","deployment-tool":"cli-firebase"},"sourceUploadUrl":"https://storage.googleapis.com/gcf-upload-us-central1-f25f756e-e7c0-4b5d-b35d-3a235202b9b4/6ada1cf5-be7d-4c0c-a829-16d98a239929.zip?GoogleAccessId=service-955984979655@gcf-admin-robot.iam.gserviceaccount.com&Expires=1629225407&Signature=ROQgaT5LfFqPgLj0szrUICoOhXEQJgbGtYobz2NGNjm7B5i7CxwHA%2B24XoQS32ckRbB%2FxJiLvNd%2BmWhroJHlH2ArBPRtj5B%2FIOEdq9u2ezsadwCSZDHkqSF9EKUDSWpEZ4b2MkOhQBqmv1nFD3QMDOxeR5PGygTm1hf2OfXS33lg8qdHd4lLppVj4zVgrxHFY5ITZZK%2F93VXnB1YOQLnzdlghVirqOI8l0ypv4KIX5EcyHu%2B%2BFYslbRn4%2BTJUjJcGM3C%2B0JeptGLj1%2FN94k8I0%2BSvvaQd6oneS%2FePl2%2FXFIhHZBr4QbjTZFgFFbavq2Cdggf7r7w93iX9llcUWYaYw%3D%3D","environmentVariables":{"FIREBASE_CONFIG":"{\"projectId\":\"vl-surge-assumption\",\"storageBucket\":\"vl-surge-assumption.appspot.com\",\"locationId\":\"us-central\"}","GCLOUD_PROJECT":"vl-surge-assumption"},"runtime":"nodejs14","ingressSettings":"ALLOW_ALL"},"versionId":"7","updateTime":"2021-08-17T18:06:49Z"}}
[debug] [2021-08-17T18:06:50.717Z] [update-projects/vl-surge-assumption/locations/us-central1/functions/createUser] Retrying task index 0
[debug] [2021-08-17T18:06:50.718Z] >>> [apiv2][query] GET https://cloudfunctions.googleapis.com/v1/operations/dmwtc3VyZ2UtYXNzdW1wdGlvbi91cy1jZW50cmFsMS9jcmVhdGVVc2VyL3liZlFiM1FCYXMw [none]
[debug] [2021-08-17T18:06:51.245Z] <<< [apiv2][status] GET https://cloudfunctions.googleapis.com/v1/operations/dmwtc3VyZ2UtYXNzdW1wdGlvbi91cy1jZW50cmFsMS9jcmVhdGVVc2VyL3liZlFiM1FCYXMw 200
[debug] [2021-08-17T18:06:51.245Z] <<< [apiv2][body] GET https://cloudfunctions.googleapis.com/v1/operations/dmwtc3VyZ2UtYXNzdW1wdGlvbi91cy1jZW50cmFsMS9jcmVhdGVVc2VyL3liZlFiM1FCYXMw {"name":"operations/dmwtc3VyZ2UtYXNzdW1wdGlvbi91cy1jZW50cmFsMS9jcmVhdGVVc2VyL3liZlFiM1FCYXMw","metadata":{"@type":"type.googleapis.com/google.cloud.functions.v1.OperationMetadataV1","target":"projects/vl-surge-assumption/locations/us-central1/functions/createUser","type":"UPDATE_FUNCTION","request":{"@type":"type.googleapis.com/google.cloud.functions.v1.CloudFunction","name":"projects/vl-surge-assumption/locations/us-central1/functions/createUser","httpsTrigger":{"url":"https://us-central1-vl-surge-assumption.cloudfunctions.net/createUser","securityLevel":"SECURE_OPTIONAL"},"status":"UNKNOWN","entryPoint":"createUser","timeout":"60s","availableMemoryMb":256,"serviceAccountEmail":"vl-surge-assumption@appspot.gserviceaccount.com","updateTime":"2021-08-09T13:01:14.516Z","versionId":"6","labels":{"deployment-callable":"true","deployment-tool":"cli-firebase"},"sourceUploadUrl":"https://storage.googleapis.com/gcf-upload-us-central1-f25f756e-e7c0-4b5d-b35d-3a235202b9b4/6ada1cf5-be7d-4c0c-a829-16d98a239929.zip?GoogleAccessId=service-955984979655@gcf-admin-robot.iam.gserviceaccount.com&Expires=1629225407&Signature=ROQgaT5LfFqPgLj0szrUICoOhXEQJgbGtYobz2NGNjm7B5i7CxwHA%2B24XoQS32ckRbB%2FxJiLvNd%2BmWhroJHlH2ArBPRtj5B%2FIOEdq9u2ezsadwCSZDHkqSF9EKUDSWpEZ4b2MkOhQBqmv1nFD3QMDOxeR5PGygTm1hf2OfXS33lg8qdHd4lLppVj4zVgrxHFY5ITZZK%2F93VXnB1YOQLnzdlghVirqOI8l0ypv4KIX5EcyHu%2B%2BFYslbRn4%2BTJUjJcGM3C%2B0JeptGLj1%2FN94k8I0%2BSvvaQd6oneS%2FePl2%2FXFIhHZBr4QbjTZFgFFbavq2Cdggf7r7w93iX9llcUWYaYw%3D%3D","environmentVariables":{"FIREBASE_CONFIG":"{\"projectId\":\"vl-surge-assumption\",\"storageBucket\":\"vl-surge-assumption.appspot.com\",\"locationId\":\"us-central\"}","GCLOUD_PROJECT":"vl-surge-assumption"},"runtime":"nodejs14","ingressSettings":"ALLOW_ALL"},"versionId":"7","updateTime":"2021-08-17T18:06:49Z","buildId":"70acab33-546c-4311-bd27-27c9c460901d","buildName":"projects/955984979655/locations/us-central1/builds/70acab33-546c-4311-bd27-27c9c460901d"}}
[debug] [2021-08-17T18:06:52.247Z] [update-projects/vl-surge-assumption/locations/us-central1/functions/createUser] Retrying task index 0
[debug] [2021-08-17T18:06:52.248Z] >>> [apiv2][query] GET https://cloudfunctions.googleapis.com/v1/operations/dmwtc3VyZ2UtYXNzdW1wdGlvbi91cy1jZW50cmFsMS9jcmVhdGVVc2VyL3liZlFiM1FCYXMw [none]
[debug] [2021-08-17T18:06:52.626Z] <<< [apiv2][status] GET https://cloudfunctions.googleapis.com/v1/operations/dmwtc3VyZ2UtYXNzdW1wdGlvbi91cy1jZW50cmFsMS9jcmVhdGVVc2VyL3liZlFiM1FCYXMw 200
[debug] [2021-08-17T18:06:52.627Z] <<< [apiv2][body] GET https://cloudfunctions.googleapis.com/v1/operations/dmwtc3VyZ2UtYXNzdW1wdGlvbi91cy1jZW50cmFsMS9jcmVhdGVVc2VyL3liZlFiM1FCYXMw {"name":"operations/dmwtc3VyZ2UtYXNzdW1wdGlvbi91cy1jZW50cmFsMS9jcmVhdGVVc2VyL3liZlFiM1FCYXMw","metadata":{"@type":"type.googleapis.com/google.cloud.functions.v1.OperationMetadataV1","target":"projects/vl-surge-assumption/locations/us-central1/functions/createUser","type":"UPDATE_FUNCTION","request":{"@type":"type.googleapis.com/google.cloud.functions.v1.CloudFunction","name":"projects/vl-surge-assumption/locations/us-central1/functions/createUser","httpsTrigger":{"url":"https://us-central1-vl-surge-assumption.cloudfunctions.net/createUser","securityLevel":"SECURE_OPTIONAL"},"status":"UNKNOWN","entryPoint":"createUser","timeout":"60s","availableMemoryMb":256,"serviceAccountEmail":"vl-surge-assumption@appspot.gserviceaccount.com","updateTime":"2021-08-09T13:01:14.516Z","versionId":"6","labels":{"deployment-callable":"true","deployment-tool":"cli-firebase"},"sourceUploadUrl":"https://storage.googleapis.com/gcf-upload-us-central1-f25f756e-e7c0-4b5d-b35d-3a235202b9b4/6ada1cf5-be7d-4c0c-a829-16d98a239929.zip?GoogleAccessId=service-955984979655@gcf-admin-robot.iam.gserviceaccount.com&Expires=1629225407&Signature=ROQgaT5LfFqPgLj0szrUICoOhXEQJgbGtYobz2NGNjm7B5i7CxwHA%2B24XoQS32ckRbB%2FxJiLvNd%2BmWhroJHlH2ArBPRtj5B%2FIOEdq9u2ezsadwCSZDHkqSF9EKUDSWpEZ4b2MkOhQBqmv1nFD3QMDOxeR5PGygTm1hf2OfXS33lg8qdHd4lLppVj4zVgrxHFY5ITZZK%2F93VXnB1YOQLnzdlghVirqOI8l0ypv4KIX5EcyHu%2B%2BFYslbRn4%2BTJUjJcGM3C%2B0JeptGLj1%2FN94k8I0%2BSvvaQd6oneS%2FePl2%2FXFIhHZBr4QbjTZFgFFbavq2Cdggf7r7w93iX9llcUWYaYw%3D%3D","environmentVariables":{"FIREBASE_CONFIG":"{\"projectId\":\"vl-surge-assumption\",\"storageBucket\":\"vl-surge-assumption.appspot.com\",\"locationId\":\"us-central\"}","GCLOUD_PROJECT":"vl-surge-assumption"},"runtime":"nodejs14","ingressSettings":"ALLOW_ALL"},"versionId":"7","updateTime":"2021-08-17T18:06:49Z","buildId":"70acab33-546c-4311-bd27-27c9c460901d","buildName":"projects/955984979655/locations/us-central1/builds/70acab33-546c-4311-bd27-27c9c460901d"}}
[debug] [2021-08-17T18:06:54.630Z] [update-projects/vl-surge-assumption/locations/us-central1/functions/createUser] Retrying task index 0
[debug] [2021-08-17T18:06:54.633Z] >>> [apiv2][query] GET https://cloudfunctions.googleapis.com/v1/operations/dmwtc3VyZ2UtYXNzdW1wdGlvbi91cy1jZW50cmFsMS9jcmVhdGVVc2VyL3liZlFiM1FCYXMw [none]
[debug] [2021-08-17T18:06:55.152Z] <<< [apiv2][status] GET https://cloudfunctions.googleapis.com/v1/operations/dmwtc3VyZ2UtYXNzdW1wdGlvbi91cy1jZW50cmFsMS9jcmVhdGVVc2VyL3liZlFiM1FCYXMw 200
[debug] [2021-08-17T18:06:55.153Z] <<< [apiv2][body] GET https://cloudfunctions.googleapis.com/v1/operations/dmwtc3VyZ2UtYXNzdW1wdGlvbi91cy1jZW50cmFsMS9jcmVhdGVVc2VyL3liZlFiM1FCYXMw {"name":"operations/dmwtc3VyZ2UtYXNzdW1wdGlvbi91cy1jZW50cmFsMS9jcmVhdGVVc2VyL3liZlFiM1FCYXMw","metadata":{"@type":"type.googleapis.com/google.cloud.functions.v1.OperationMetadataV1","target":"projects/vl-surge-assumption/locations/us-central1/functions/createUser","type":"UPDATE_FUNCTION","request":{"@type":"type.googleapis.com/google.cloud.functions.v1.CloudFunction","name":"projects/vl-surge-assumption/locations/us-central1/functions/createUser","httpsTrigger":{"url":"https://us-central1-vl-surge-assumption.cloudfunctions.net/createUser","securityLevel":"SECURE_OPTIONAL"},"status":"UNKNOWN","entryPoint":"createUser","timeout":"60s","availableMemoryMb":256,"serviceAccountEmail":"vl-surge-assumption@appspot.gserviceaccount.com","updateTime":"2021-08-09T13:01:14.516Z","versionId":"6","labels":{"deployment-callable":"true","deployment-tool":"cli-firebase"},"sourceUploadUrl":"https://storage.googleapis.com/gcf-upload-us-central1-f25f756e-e7c0-4b5d-b35d-3a235202b9b4/6ada1cf5-be7d-4c0c-a829-16d98a239929.zip?GoogleAccessId=service-955984979655@gcf-admin-robot.iam.gserviceaccount.com&Expires=1629225407&Signature=ROQgaT5LfFqPgLj0szrUICoOhXEQJgbGtYobz2NGNjm7B5i7CxwHA%2B24XoQS32ckRbB%2FxJiLvNd%2BmWhroJHlH2ArBPRtj5B%2FIOEdq9u2ezsadwCSZDHkqSF9EKUDSWpEZ4b2MkOhQBqmv1nFD3QMDOxeR5PGygTm1hf2OfXS33lg8qdHd4lLppVj4zVgrxHFY5ITZZK%2F93VXnB1YOQLnzdlghVirqOI8l0ypv4KIX5EcyHu%2B%2BFYslbRn4%2BTJUjJcGM3C%2B0JeptGLj1%2FN94k8I0%2BSvvaQd6oneS%2FePl2%2FXFIhHZBr4QbjTZFgFFbavq2Cdggf7r7w93iX9llcUWYaYw%3D%3D","environmentVariables":{"FIREBASE_CONFIG":"{\"projectId\":\"vl-surge-assumption\",\"storageBucket\":\"vl-surge-assumption.appspot.com\",\"locationId\":\"us-central\"}","GCLOUD_PROJECT":"vl-surge-assumption"},"runtime":"nodejs14","ingressSettings":"ALLOW_ALL"},"versionId":"7","updateTime":"2021-08-17T18:06:49Z","buildId":"70acab33-546c-4311-bd27-27c9c460901d","buildName":"projects/955984979655/locations/us-central1/builds/70acab33-546c-4311-bd27-27c9c460901d"}}
[debug] [2021-08-17T18:06:59.157Z] [update-projects/vl-surge-assumption/locations/us-central1/functions/createUser] Retrying task index 0
[debug] [2021-08-17T18:06:59.158Z] >>> [apiv2][query] GET https://cloudfunctions.googleapis.com/v1/operations/dmwtc3VyZ2UtYXNzdW1wdGlvbi91cy1jZW50cmFsMS9jcmVhdGVVc2VyL3liZlFiM1FCYXMw [none]
[debug] [2021-08-17T18:06:59.666Z] <<< [apiv2][status] GET https://cloudfunctions.googleapis.com/v1/operations/dmwtc3VyZ2UtYXNzdW1wdGlvbi91cy1jZW50cmFsMS9jcmVhdGVVc2VyL3liZlFiM1FCYXMw 200
[debug] [2021-08-17T18:06:59.666Z] <<< [apiv2][body] GET https://cloudfunctions.googleapis.com/v1/operations/dmwtc3VyZ2UtYXNzdW1wdGlvbi91cy1jZW50cmFsMS9jcmVhdGVVc2VyL3liZlFiM1FCYXMw {"name":"operations/dmwtc3VyZ2UtYXNzdW1wdGlvbi91cy1jZW50cmFsMS9jcmVhdGVVc2VyL3liZlFiM1FCYXMw","metadata":{"@type":"type.googleapis.com/google.cloud.functions.v1.OperationMetadataV1","target":"projects/vl-surge-assumption/locations/us-central1/functions/createUser","type":"UPDATE_FUNCTION","request":{"@type":"type.googleapis.com/google.cloud.functions.v1.CloudFunction","name":"projects/vl-surge-assumption/locations/us-central1/functions/createUser","httpsTrigger":{"url":"https://us-central1-vl-surge-assumption.cloudfunctions.net/createUser","securityLevel":"SECURE_OPTIONAL"},"status":"UNKNOWN","entryPoint":"createUser","timeout":"60s","availableMemoryMb":256,"serviceAccountEmail":"vl-surge-assumption@appspot.gserviceaccount.com","updateTime":"2021-08-09T13:01:14.516Z","versionId":"6","labels":{"deployment-callable":"true","deployment-tool":"cli-firebase"},"sourceUploadUrl":"https://storage.googleapis.com/gcf-upload-us-central1-f25f756e-e7c0-4b5d-b35d-3a235202b9b4/6ada1cf5-be7d-4c0c-a829-16d98a239929.zip?GoogleAccessId=service-955984979655@gcf-admin-robot.iam.gserviceaccount.com&Expires=1629225407&Signature=ROQgaT5LfFqPgLj0szrUICoOhXEQJgbGtYobz2NGNjm7B5i7CxwHA%2B24XoQS32ckRbB%2FxJiLvNd%2BmWhroJHlH2ArBPRtj5B%2FIOEdq9u2ezsadwCSZDHkqSF9EKUDSWpEZ4b2MkOhQBqmv1nFD3QMDOxeR5PGygTm1hf2OfXS33lg8qdHd4lLppVj4zVgrxHFY5ITZZK%2F93VXnB1YOQLnzdlghVirqOI8l0ypv4KIX5EcyHu%2B%2BFYslbRn4%2BTJUjJcGM3C%2B0JeptGLj1%2FN94k8I0%2BSvvaQd6oneS%2FePl2%2FXFIhHZBr4QbjTZFgFFbavq2Cdggf7r7w93iX9llcUWYaYw%3D%3D","environmentVariables":{"FIREBASE_CONFIG":"{\"projectId\":\"vl-surge-assumption\",\"storageBucket\":\"vl-surge-assumption.appspot.com\",\"locationId\":\"us-central\"}","GCLOUD_PROJECT":"vl-surge-assumption"},"runtime":"nodejs14","ingressSettings":"ALLOW_ALL"},"versionId":"7","updateTime":"2021-08-17T18:06:49Z","buildId":"70acab33-546c-4311-bd27-27c9c460901d","buildName":"projects/955984979655/locations/us-central1/builds/70acab33-546c-4311-bd27-27c9c460901d"}}
[debug] [2021-08-17T18:07:07.674Z] [update-projects/vl-surge-assumption/locations/us-central1/functions/createUser] Retrying task index 0
[debug] [2021-08-17T18:07:07.675Z] >>> [apiv2][query] GET https://cloudfunctions.googleapis.com/v1/operations/dmwtc3VyZ2UtYXNzdW1wdGlvbi91cy1jZW50cmFsMS9jcmVhdGVVc2VyL3liZlFiM1FCYXMw [none]
[debug] [2021-08-17T18:07:08.128Z] <<< [apiv2][status] GET https://cloudfunctions.googleapis.com/v1/operations/dmwtc3VyZ2UtYXNzdW1wdGlvbi91cy1jZW50cmFsMS9jcmVhdGVVc2VyL3liZlFiM1FCYXMw 200
[debug] [2021-08-17T18:07:08.132Z] <<< [apiv2][body] GET https://cloudfunctions.googleapis.com/v1/operations/dmwtc3VyZ2UtYXNzdW1wdGlvbi91cy1jZW50cmFsMS9jcmVhdGVVc2VyL3liZlFiM1FCYXMw {"name":"operations/dmwtc3VyZ2UtYXNzdW1wdGlvbi91cy1jZW50cmFsMS9jcmVhdGVVc2VyL3liZlFiM1FCYXMw","metadata":{"@type":"type.googleapis.com/google.cloud.functions.v1.OperationMetadataV1","target":"projects/vl-surge-assumption/locations/us-central1/functions/createUser","type":"UPDATE_FUNCTION","request":{"@type":"type.googleapis.com/google.cloud.functions.v1.CloudFunction","name":"projects/vl-surge-assumption/locations/us-central1/functions/createUser","httpsTrigger":{"url":"https://us-central1-vl-surge-assumption.cloudfunctions.net/createUser","securityLevel":"SECURE_OPTIONAL"},"status":"UNKNOWN","entryPoint":"createUser","timeout":"60s","availableMemoryMb":256,"serviceAccountEmail":"vl-surge-assumption@appspot.gserviceaccount.com","updateTime":"2021-08-09T13:01:14.516Z","versionId":"6","labels":{"deployment-callable":"true","deployment-tool":"cli-firebase"},"sourceUploadUrl":"https://storage.googleapis.com/gcf-upload-us-central1-f25f756e-e7c0-4b5d-b35d-3a235202b9b4/6ada1cf5-be7d-4c0c-a829-16d98a239929.zip?GoogleAccessId=service-955984979655@gcf-admin-robot.iam.gserviceaccount.com&Expires=1629225407&Signature=ROQgaT5LfFqPgLj0szrUICoOhXEQJgbGtYobz2NGNjm7B5i7CxwHA%2B24XoQS32ckRbB%2FxJiLvNd%2BmWhroJHlH2ArBPRtj5B%2FIOEdq9u2ezsadwCSZDHkqSF9EKUDSWpEZ4b2MkOhQBqmv1nFD3QMDOxeR5PGygTm1hf2OfXS33lg8qdHd4lLppVj4zVgrxHFY5ITZZK%2F93VXnB1YOQLnzdlghVirqOI8l0ypv4KIX5EcyHu%2B%2BFYslbRn4%2BTJUjJcGM3C%2B0JeptGLj1%2FN94k8I0%2BSvvaQd6oneS%2FePl2%2FXFIhHZBr4QbjTZFgFFbavq2Cdggf7r7w93iX9llcUWYaYw%3D%3D","environmentVariables":{"FIREBASE_CONFIG":"{\"projectId\":\"vl-surge-assumption\",\"storageBucket\":\"vl-surge-assumption.appspot.com\",\"locationId\":\"us-central\"}","GCLOUD_PROJECT":"vl-surge-assumption"},"runtime":"nodejs14","ingressSettings":"ALLOW_ALL"},"versionId":"7","updateTime":"2021-08-17T18:06:49Z","buildId":"70acab33-546c-4311-bd27-27c9c460901d","buildName":"projects/955984979655/locations/us-central1/builds/70acab33-546c-4311-bd27-27c9c460901d"}}
[debug] [2021-08-17T18:07:24.148Z] [update-projects/vl-surge-assumption/locations/us-central1/functions/createUser] Retrying task index 0
[debug] [2021-08-17T18:07:24.149Z] >>> [apiv2][query] GET https://cloudfunctions.googleapis.com/v1/operations/dmwtc3VyZ2UtYXNzdW1wdGlvbi91cy1jZW50cmFsMS9jcmVhdGVVc2VyL3liZlFiM1FCYXMw [none]
[debug] [2021-08-17T18:07:24.749Z] <<< [apiv2][status] GET https://cloudfunctions.googleapis.com/v1/operations/dmwtc3VyZ2UtYXNzdW1wdGlvbi91cy1jZW50cmFsMS9jcmVhdGVVc2VyL3liZlFiM1FCYXMw 200
[debug] [2021-08-17T18:07:24.751Z] <<< [apiv2][body] GET https://cloudfunctions.googleapis.com/v1/operations/dmwtc3VyZ2UtYXNzdW1wdGlvbi91cy1jZW50cmFsMS9jcmVhdGVVc2VyL3liZlFiM1FCYXMw {"name":"operations/dmwtc3VyZ2UtYXNzdW1wdGlvbi91cy1jZW50cmFsMS9jcmVhdGVVc2VyL3liZlFiM1FCYXMw","metadata":{"@type":"type.googleapis.com/google.cloud.functions.v1.OperationMetadataV1","target":"projects/vl-surge-assumption/locations/us-central1/functions/createUser","type":"UPDATE_FUNCTION","request":{"@type":"type.googleapis.com/google.cloud.functions.v1.CloudFunction","name":"projects/vl-surge-assumption/locations/us-central1/functions/createUser","httpsTrigger":{"url":"https://us-central1-vl-surge-assumption.cloudfunctions.net/createUser","securityLevel":"SECURE_OPTIONAL"},"status":"UNKNOWN","entryPoint":"createUser","timeout":"60s","availableMemoryMb":256,"serviceAccountEmail":"vl-surge-assumption@appspot.gserviceaccount.com","updateTime":"2021-08-09T13:01:14.516Z","versionId":"6","labels":{"deployment-callable":"true","deployment-tool":"cli-firebase"},"sourceUploadUrl":"https://storage.googleapis.com/gcf-upload-us-central1-f25f756e-e7c0-4b5d-b35d-3a235202b9b4/6ada1cf5-be7d-4c0c-a829-16d98a239929.zip?GoogleAccessId=service-955984979655@gcf-admin-robot.iam.gserviceaccount.com&Expires=1629225407&Signature=ROQgaT5LfFqPgLj0szrUICoOhXEQJgbGtYobz2NGNjm7B5i7CxwHA%2B24XoQS32ckRbB%2FxJiLvNd%2BmWhroJHlH2ArBPRtj5B%2FIOEdq9u2ezsadwCSZDHkqSF9EKUDSWpEZ4b2MkOhQBqmv1nFD3QMDOxeR5PGygTm1hf2OfXS33lg8qdHd4lLppVj4zVgrxHFY5ITZZK%2F93VXnB1YOQLnzdlghVirqOI8l0ypv4KIX5EcyHu%2B%2BFYslbRn4%2BTJUjJcGM3C%2B0JeptGLj1%2FN94k8I0%2BSvvaQd6oneS%2FePl2%2FXFIhHZBr4QbjTZFgFFbavq2Cdggf7r7w93iX9llcUWYaYw%3D%3D","environmentVariables":{"FIREBASE_CONFIG":"{\"projectId\":\"vl-surge-assumption\",\"storageBucket\":\"vl-surge-assumption.appspot.com\",\"locationId\":\"us-central\"}","GCLOUD_PROJECT":"vl-surge-assumption"},"runtime":"nodejs14","ingressSettings":"ALLOW_ALL"},"versionId":"7","updateTime":"2021-08-17T18:06:49Z","buildId":"70acab33-546c-4311-bd27-27c9c460901d","buildName":"projects/955984979655/locations/us-central1/builds/70acab33-546c-4311-bd27-27c9c460901d"}}
